E:\VSPROJECTS\CPROJ\STRUCTTUTO\DEBUG\STRUCTTUTO.EXE
E:\VSPROJECTS\CPROJ\STRUCTTUTO\DEBUG\STRUCTTUTO.PDB
E:\vsprojects\cproj\StructTuto\StructTuto\Debug\cl.command.1.tlog
E:\vsprojects\cproj\StructTuto\StructTuto\Debug\CL.read.1.tlog
E:\vsprojects\cproj\StructTuto\StructTuto\Debug\CL.write.1.tlog
E:\vsprojects\cproj\StructTuto\StructTuto\Debug\link.command.1.tlog
E:\vsprojects\cproj\StructTuto\StructTuto\Debug\link.read.1.tlog
E:\vsprojects\cproj\StructTuto\StructTuto\Debug\link.write.1.tlog
E:\vsprojects\cproj\StructTuto\StructTuto\Debug\mt.command.1.tlog
E:\vsprojects\cproj\StructTuto\StructTuto\Debug\mt.read.1.tlog
E:\vsprojects\cproj\StructTuto\StructTuto\Debug\mt.write.1.tlog
E:\vsprojects\cproj\StructTuto\StructTuto\Debug\rc.command.1.tlog
E:\vsprojects\cproj\StructTuto\StructTuto\Debug\rc.read.1.tlog
E:\vsprojects\cproj\StructTuto\StructTuto\Debug\rc.write.1.tlog
E:\VSPROJECTS\CPROJ\STRUCTTUTO\STRUCTTUTO\DEBUG\STDAFX.OBJ
E:\vsprojects\cproj\StructTuto\StructTuto\Debug\StructTuto.exe.embed.manifest
E:\VSPROJECTS\CPROJ\STRUCTTUTO\STRUCTTUTO\DEBUG\STRUCTTUTO.EXE.EMBED.MANIFEST.RES
E:\VSPROJECTS\CPROJ\STRUCTTUTO\STRUCTTUTO\DEBUG\STRUCTTUTO.EXE.INTERMEDIATE.MANIFEST
E:\VSPROJECTS\CPROJ\STRUCTTUTO\STRUCTTUTO\DEBUG\STRUCTTUTO.OBJ
E:\vsprojects\cproj\StructTuto\StructTuto\Debug\StructTuto.vcxprojResolveAssemblyReference.cache
E:\vsprojects\cproj\StructTuto\StructTuto\Debug\StructTuto.write.1.tlog
E:\vsprojects\cproj\StructTuto\StructTuto\Debug\StructTuto_manifest.rc
E:\vsprojects\cproj\StructTuto\StructTuto\Debug\vc100.idb
E:\VSPROJECTS\CPROJ\STRUCTTUTO\STRUCTTUTO\DEBUG\VC100.PDB
