Build started 27/10/2023 12:35:11 PM.
     1>Project "E:\vsprojects\cproj\Game SFNL Tuto1\Game SFNL Tuto1\Game SFNL Tuto1.vcxproj" on node 2 (build target(s)).
     1>InitializeBuildStatus:
         Touching "Debug\Game SFNL Tuto1.unsuccessfulbuild".
       ClCompile:
         C:\Program Files (x86)\Microsoft Visual Studio 10.0\VC\bin\CL.exe /c /Zi /nologo /W3 /WX- /Od /Oy- /D _MBCS /Gm /EHsc /RTC1 /MDd /GS /fp:precise /Zc:wchar_t /Zc:forScope /Fo"Debug\\" /Fd"Debug\vc100.pdb" /Gd /TP /analyze- /errorReport:prompt Main.cpp
         Main.cpp
     1>Main.cpp(20): warning C4806: '==' : unsafe operation: no value of type 'bool' promoted to type 'int' can equal the given constant
     1>Main.cpp(183): warning C4244: 'argument' : conversion from 'int' to 'float', possible loss of data
     1>Main.cpp(224): warning C4244: 'initializing' : conversion from 'const float' to 'int', possible loss of data
     1>Main.cpp(234): warning C4244: 'argument' : conversion from 'int' to 'float', possible loss of data
     1>Main.cpp(253): warning C4244: 'initializing' : conversion from 'const float' to 'int', possible loss of data
     1>Main.cpp(254): warning C4244: 'initializing' : conversion from 'const float' to 'int', possible loss of data
     1>Main.cpp(258): warning C4244: 'argument' : conversion from 'int' to 'float', possible loss of data
     1>Main.cpp(258): warning C4244: 'argument' : conversion from 'int' to 'float', possible loss of data
     1>Main.cpp(263): warning C4244: 'argument' : conversion from 'int' to 'float', possible loss of data
     1>Main.cpp(263): warning C4244: 'argument' : conversion from 'int' to 'float', possible loss of data
     1>Main.cpp(267): warning C4244: 'argument' : conversion from 'int' to 'float', possible loss of data
     1>Main.cpp(267): warning C4244: 'argument' : conversion from 'int' to 'float', possible loss of data
       Link:
         C:\Program Files (x86)\Microsoft Visual Studio 10.0\VC\bin\link.exe /ERRORREPORT:PROMPT /OUT:"E:\vsprojects\cproj\Game SFNL Tuto1\Debug\Game SFNL Tuto1.exe" /NOLOGO "sfml-graphics-d.lib" "sfml-window-d.lib" "sfml-system-d.lib" "sfml-audio-d.lib" kernel32.lib user32.lib gdi32.lib winspool.lib comdlg32.lib advapi32.lib shell32.lib ole32.lib oleaut32.lib uuid.lib odbc32.lib odbccp32.lib /MANIFEST /ManifestFile:"Debug\Game SFNL Tuto1.exe.intermediate.manifest" /MANIFESTUAC:"level='asInvoker' uiAccess='false'" /DEBUG /PDB:"E:\vsprojects\cproj\Game SFNL Tuto1\Debug\Game SFNL Tuto1.pdb" /TLBID:1 /DYNAMICBASE /NXCOMPAT /IMPLIB:"E:\vsprojects\cproj\Game SFNL Tuto1\Debug\Game SFNL Tuto1.lib" /MACHINE:X86 Debug\Main.obj
         Game SFNL Tuto1.vcxproj -> E:\vsprojects\cproj\Game SFNL Tuto1\Debug\Game SFNL Tuto1.exe
       Manifest:
         C:\Program Files (x86)\Microsoft SDKs\Windows\v7.0A\bin\mt.exe /nologo /verbose /outputresource:"E:\vsprojects\cproj\Game SFNL Tuto1\Debug\Game SFNL Tuto1.exe;#1" /manifest "Debug\Game SFNL Tuto1.exe.intermediate.manifest"
       FinalizeBuildStatus:
         Deleting file "Debug\Game SFNL Tuto1.unsuccessfulbuild".
         Touching "Debug\Game SFNL Tuto1.lastbuildstate".
     1>Done Building Project "E:\vsprojects\cproj\Game SFNL Tuto1\Game SFNL Tuto1\Game SFNL Tuto1.vcxproj" (build target(s)).

Build succeeded.

Time Elapsed 00:00:00.87
