Build started 13/10/2023 9:55:22 AM.
     1>Project "E:\vsprojects\cproj\FileTuto\FileTuto\FileTuto.vcxproj" on node 2 (build target(s)).
     1>InitializeBuildStatus:
         Creating "Debug\FileTuto.unsuccessfulbuild" because "AlwaysCreate" was specified.
       ClCompile:
         All outputs are up-to-date.
         C:\Program Files (x86)\Microsoft Visual Studio 10.0\VC\bin\CL.exe /c /ZI /nologo /W3 /WX- /Od /Oy- /D WIN32 /D _DEBUG /D _CONSOLE /D _UNICODE /D UNICODE /Gm /EHsc /RTC1 /MDd /GS /fp:precise /Zc:wchar_t /Zc:forScope /Yu"StdAfx.h" /Fp"Debug\FileTuto.pch" /Fo"Debug\\" /Fd"Debug\vc100.pdb" /Gd /TP /analyze- /errorReport:prompt FileTuto.cpp
         FileTuto.cpp
     1>e:\vsprojects\cproj\filetuto\filetuto\filetuto.cpp(18): warning C4996: 'fopen': This function or variable may be unsafe. Consider using fopen_s instead. To disable deprecation, use _CRT_SECURE_NO_WARNINGS. See online help for details.
                 c:\program files (x86)\microsoft visual studio 10.0\vc\include\stdio.h(234) : see declaration of 'fopen'
     1>e:\vsprojects\cproj\filetuto\filetuto\filetuto.cpp(29): warning C4996: 'scanf': This function or variable may be unsafe. Consider using scanf_s instead. To disable deprecation, use _CRT_SECURE_NO_WARNINGS. See online help for details.
                 c:\program files (x86)\microsoft visual studio 10.0\vc\include\stdio.h(304) : see declaration of 'scanf'
     1>e:\vsprojects\cproj\filetuto\filetuto\filetuto.cpp(30): warning C4244: '=' : conversion from 'double' to 'float', possible loss of data
     1>e:\vsprojects\cproj\filetuto\filetuto\filetuto.cpp(27): warning C4101: 'key' : unreferenced local variable
     1>e:\vsprojects\cproj\filetuto\filetuto\filetuto.cpp(42): warning C4996: 'fopen': This function or variable may be unsafe. Consider using fopen_s instead. To disable deprecation, use _CRT_SECURE_NO_WARNINGS. See online help for details.
                 c:\program files (x86)\microsoft visual studio 10.0\vc\include\stdio.h(234) : see declaration of 'fopen'
     1>e:\vsprojects\cproj\filetuto\filetuto\filetuto.cpp(54): warning C4996: 'fscanf': This function or variable may be unsafe. Consider using fscanf_s instead. To disable deprecation, use _CRT_SECURE_NO_WARNINGS. See online help for details.
                 c:\program files (x86)\microsoft visual studio 10.0\vc\include\stdio.h(253) : see declaration of 'fscanf'
     1>e:\vsprojects\cproj\filetuto\filetuto\filetuto.cpp(58): warning C4244: '=' : conversion from 'double' to 'float', possible loss of data
     1>e:\vsprojects\cproj\filetuto\filetuto\filetuto.cpp(52): warning C4101: 'key' : unreferenced local variable
     1>e:\vsprojects\cproj\filetuto\filetuto\filetuto.cpp(37): warning C4715: 'area' : not all control paths return a value
     1>e:\vsprojects\cproj\filetuto\filetuto\filetuto.cpp(67): warning C4715: 'ReadArea' : not all control paths return a value
       Link:
         C:\Program Files (x86)\Microsoft Visual Studio 10.0\VC\bin\link.exe /ERRORREPORT:PROMPT /OUT:"E:\vsprojects\cproj\FileTuto\Debug\FileTuto.exe" /INCREMENTAL:NO /NOLOGO kernel32.lib user32.lib gdi32.lib winspool.lib comdlg32.lib advapi32.lib shell32.lib ole32.lib oleaut32.lib uuid.lib odbc32.lib odbccp32.lib /MANIFEST /ManifestFile:"Debug\FileTuto.exe.intermediate.manifest" /MANIFESTUAC:"level='asInvoker' uiAccess='false'" /DEBUG /PDB:"E:\vsprojects\cproj\FileTuto\Debug\FileTuto.pdb" /SUBSYSTEM:CONSOLE /TLBID:1 /DYNAMICBASE /NXCOMPAT /IMPLIB:"E:\vsprojects\cproj\FileTuto\Debug\FileTuto.lib" /MACHINE:X86 Debug\FileTuto.obj
         Debug\stdafx.obj
     1>FileTuto.obj : warning LNK4075: ignoring '/EDITANDCONTINUE' due to '/INCREMENTAL:NO' specification
         FileTuto.vcxproj -> E:\vsprojects\cproj\FileTuto\Debug\FileTuto.exe
       Manifest:
         C:\Program Files (x86)\Microsoft SDKs\Windows\v7.0A\bin\mt.exe /nologo /verbose /outputresource:"E:\vsprojects\cproj\FileTuto\Debug\FileTuto.exe;#1" /manifest Debug\FileTuto.exe.intermediate.manifest
       FinalizeBuildStatus:
         Deleting file "Debug\FileTuto.unsuccessfulbuild".
         Touching "Debug\FileTuto.lastbuildstate".
     1>Done Building Project "E:\vsprojects\cproj\FileTuto\FileTuto\FileTuto.vcxproj" (build target(s)).

Build succeeded.

Time Elapsed 00:00:00.54
